<?xml version="1.0" encoding="UTF-8"?>
<!-- Generated by org.testng.reporters.JUnitReportReporter -->
<testsuite hostname="LAPTOP-PLJ9AFR9" failures="0" tests="2" name="techacademy.TestNGTestClass" time="28.330" errors="0" timestamp="2024-03-15T19:27:01 IST" skipped="0">
  <testcase classname="techacademy.TestNGTestClass" name="testRequestDemoNavigation" time="13.429"/>
  <system-out/>
  <testcase classname="techacademy.TestNGTestClass" name="testProcessDiscoveryNavigation" time="14.901"/>
  <system-out/>
</testsuite> <!-- techacademy.TestNGTestClass -->
